sdk/mesdk3.10/SimpleSDKDemo/build/intermediates/manifest_merge_blame_file/debug/manifest-merger-blame-debug-report.txt
1<?xml version="1.0" encoding="utf-8"?>
2<manifest xmlns:android="http://schemas.android.com/apk/res/android"
3    package="com.newland.mesdk.simple.demo"
4    android:versionCode="1"
5    android:versionName="1.0" >
6
7    <uses-sdk
8        android:minSdkVersion="21"
8-->src\main\AndroidManifest.xml
9        android:targetSdkVersion="22" />
9-->src\main\AndroidManifest.xml
10
11    <!-- <application android:label="@string/app_name" > -->
12    <!-- </application> -->
13    <uses-permission android:name="android.permission.MANAGE_NEWLAND" />
13-->[MESDK-SIMPLE-3.10.67-RELEASE.aar] AndroidManifest.xml:13:5-73
13-->[MESDK-SIMPLE-3.10.67-RELEASE.aar] AndroidManifest.xml:13:22-70
14    <uses-permission android:name="android.permission.MANAGE_ANALOG_SERIAL" />
14-->[MESDK-SIMPLE-3.10.67-RELEASE.aar] AndroidManifest.xml:14:5-79
14-->[MESDK-SIMPLE-3.10.67-RELEASE.aar] AndroidManifest.xml:14:22-76
15    <uses-permission android:name="android.permission.MANAGE_NEWLANDUART3" />
15-->[MESDK-SIMPLE-3.10.67-RELEASE.aar] AndroidManifest.xml:15:5-78
15-->[MESDK-SIMPLE-3.10.67-RELEASE.aar] AndroidManifest.xml:15:22-75
16    <uses-permission android:name="android.permission.CAMERA" />
16-->[MESDK-SIMPLE-3.10.67-RELEASE.aar] AndroidManifest.xml:16:5-65
16-->[MESDK-SIMPLE-3.10.67-RELEASE.aar] AndroidManifest.xml:16:22-62
17
18    <uses-feature android:name="android.hardware.camera" />
18-->[MESDK-SIMPLE-3.10.67-RELEASE.aar] AndroidManifest.xml:18:5-60
18-->[MESDK-SIMPLE-3.10.67-RELEASE.aar] AndroidManifest.xml:18:19-57
19    <uses-feature android:name="android.hardware.camera.autofocus" />
19-->[MESDK-SIMPLE-3.10.67-RELEASE.aar] AndroidManifest.xml:19:5-70
19-->[MESDK-SIMPLE-3.10.67-RELEASE.aar] AndroidManifest.xml:19:19-67
20
21    <uses-permission android:name="android.permission.WRITE_EXTERNAL_STORAGE" />
21-->[MESDK-SIMPLE-3.10.67-RELEASE.aar] AndroidManifest.xml:21:5-81
21-->[MESDK-SIMPLE-3.10.67-RELEASE.aar] AndroidManifest.xml:21:22-78
22    <uses-permission android:name="android.permission.WRITE_SETTINGS" />
22-->[MESDK-SIMPLE-3.10.67-RELEASE.aar] AndroidManifest.xml:22:5-24:47
22-->[MESDK-SIMPLE-3.10.67-RELEASE.aar] AndroidManifest.xml:23:9-57
23    <uses-permission android:name="android.permission.SYSTEM_ALERT_WINDOW" />
23-->[MESDK-SIMPLE-3.10.67-RELEASE.aar] AndroidManifest.xml:25:5-78
23-->[MESDK-SIMPLE-3.10.67-RELEASE.aar] AndroidManifest.xml:25:22-75
24    <uses-permission android:name="android.permission.CHANGE_NETWORK_STATE" />
24-->[MESDK-SIMPLE-3.10.67-RELEASE.aar] AndroidManifest.xml:26:5-79
24-->[MESDK-SIMPLE-3.10.67-RELEASE.aar] AndroidManifest.xml:26:22-76
25    <uses-permission android:name="android.permission.ACCESS_NETWORK_STATE" />
25-->[MESDK-SIMPLE-3.10.67-RELEASE.aar] AndroidManifest.xml:27:5-79
25-->[MESDK-SIMPLE-3.10.67-RELEASE.aar] AndroidManifest.xml:27:22-76
26    <uses-permission android:name="android.permission.READ_PHONE_STATE" />
26-->[MESDK-SIMPLE-3.10.67-RELEASE.aar] AndroidManifest.xml:28:5-75
26-->[MESDK-SIMPLE-3.10.67-RELEASE.aar] AndroidManifest.xml:28:22-72
27    <uses-permission android:name="android.permission.WRITE_APN_SETTINGS" />
27-->[MESDK-SIMPLE-3.10.67-RELEASE.aar] AndroidManifest.xml:29:5-77
27-->[MESDK-SIMPLE-3.10.67-RELEASE.aar] AndroidManifest.xml:29:22-74
28    <uses-permission android:name="android.permission.BLUETOOTH" />
28-->[MESDK-SIMPLE-3.10.67-RELEASE.aar] AndroidManifest.xml:30:5-68
28-->[MESDK-SIMPLE-3.10.67-RELEASE.aar] AndroidManifest.xml:30:22-65
29    <uses-permission android:name="android.permission.BLUETOOTH_ADMIN" />
29-->[MESDK-SIMPLE-3.10.67-RELEASE.aar] AndroidManifest.xml:31:5-74
29-->[MESDK-SIMPLE-3.10.67-RELEASE.aar] AndroidManifest.xml:31:22-71
30    <uses-permission android:name="android.permission.MANAGE_NEWLAND_CASHBOX" />
30-->[MESDK-SIMPLE-3.10.67-RELEASE.aar] AndroidManifest.xml:32:5-81
30-->[MESDK-SIMPLE-3.10.67-RELEASE.aar] AndroidManifest.xml:32:22-78
31    <uses-permission android:name="android.permission.MANAGE_NEWLAN_CASHBOX" />
31-->[MESDK-SIMPLE-3.10.67-RELEASE.aar] AndroidManifest.xml:33:5-80
31-->[MESDK-SIMPLE-3.10.67-RELEASE.aar] AndroidManifest.xml:33:22-77
32
33    <application
33-->src\main\AndroidManifest.xml:6:5-22:19
34        android:allowBackup="true"
34-->src\main\AndroidManifest.xml:7:9-35
35        android:appComponentFactory="android.support.v4.app.CoreComponentFactory"
35-->[com.android.support:support-compat:28.0.0] AndroidManifest.xml:22:18-91
36        android:debuggable="true"
37        android:icon="@mipmap/ic_launcher"
37-->src\main\AndroidManifest.xml:8:9-43
38        android:label="@string/app_name"
38-->src\main\AndroidManifest.xml:9:9-41
39        android:roundIcon="@mipmap/ic_launcher_round"
39-->src\main\AndroidManifest.xml:10:9-54
40        android:supportsRtl="true"
40-->src\main\AndroidManifest.xml:11:9-35
41        android:theme="@style/Theme.MESDK" >
41-->src\main\AndroidManifest.xml:12:9-43
42        <activity
42-->src\main\AndroidManifest.xml:13:9-20:20
43            android:name="com.newland.sdkdemo.MainActivity"
43-->src\main\AndroidManifest.xml:13:19-66
44            android:exported="true" >
44-->src\main\AndroidManifest.xml:14:13-36
45            <intent-filter>
45-->src\main\AndroidManifest.xml:15:13-19:29
46                <action android:name="android.intent.action.MAIN" />
46-->src\main\AndroidManifest.xml:16:17-69
46-->src\main\AndroidManifest.xml:16:25-66
47
48                <category android:name="android.intent.category.LAUNCHER" />
48-->src\main\AndroidManifest.xml:18:17-77
48-->src\main\AndroidManifest.xml:18:27-74
49            </intent-filter>
50        </activity>
51        <activity
51-->[MESDK-SIMPLE-3.10.67-RELEASE.aar] AndroidManifest.xml:36:9-38:86
52            android:name="com.newland.sdk.pininput.KeyBoardActivity"
52-->[MESDK-SIMPLE-3.10.67-RELEASE.aar] AndroidManifest.xml:37:13-69
53            android:theme="@android:style/Theme.Translucent.NoTitleBar.Fullscreen" />
53-->[MESDK-SIMPLE-3.10.67-RELEASE.aar] AndroidManifest.xml:38:13-83
54        <activity
54-->[MESDK-SIMPLE-3.10.67-RELEASE.aar] AndroidManifest.xml:39:9-41:74
55            android:name="com.newland.sdk.scanner.ScanViewActivity"
55-->[MESDK-SIMPLE-3.10.67-RELEASE.aar] AndroidManifest.xml:40:13-68
56            android:theme="@android:style/Theme.NoTitleBar.Fullscreen" />
56-->[MESDK-SIMPLE-3.10.67-RELEASE.aar] AndroidManifest.xml:41:13-71
57        <activity android:name="com.newland.sdk.module.bluetooth.BluetoothActivity" />
57-->[MESDK-SIMPLE-3.10.67-RELEASE.aar] AndroidManifest.xml:42:9-87
57-->[MESDK-SIMPLE-3.10.67-RELEASE.aar] AndroidManifest.xml:42:19-84
58        <activity
58-->[MESDK-SIMPLE-3.10.67-RELEASE.aar] AndroidManifest.xml:43:9-46:20
59            android:name="com.newland.sdk.ble.BluetoothBaseActivity"
59-->[MESDK-SIMPLE-3.10.67-RELEASE.aar] AndroidManifest.xml:44:13-69
60            android:theme="@android:style/Theme.NoTitleBar.Fullscreen" >
60-->[MESDK-SIMPLE-3.10.67-RELEASE.aar] AndroidManifest.xml:45:13-71
61        </activity>
62    </application>
63
64</manifest>